#
# A fatal error has been detected by the Java Runtime Environment:
#
#  SIGSEGV (0xb) at pc=0x00007f6aea96019c, pid=1961, tid=140096902407936
#
# JRE version: 7.0_21-b02
# Java VM: OpenJDK 64-Bit Server VM (23.7-b01 mixed mode linux-amd64 compressed oops)
# Problematic frame:
# V  [libjvm.so+0x58619c]  jvmti_IsMethodSynthetic+0xbc
#
# Failed to write core dump. Core dumps have been disabled. To enable core dumping, try "ulimit -c unlimited" before starting Java again
#
# If you would like to submit a bug report, please include
# instructions on how to reproduce the bug and visit:
#   http://icedtea.classpath.org/bugzilla
#

---------------  T H R E A D  ---------------

Current thread (0x00007f6ae4123000):  JavaThread "JDWP Transport Listener: dt_socket" daemon [_thread_in_vm, id=1978, stack(0x00007f6ada0a2000,0x00007f6ada1a3000)]

siginfo:si_signo=SIGSEGV: si_errno=0, si_code=128 (), si_addr=0x0000000000000000

Registers:
RAX=0x0000000000000063, RBX=0x00007f6ae400f6e0, RCX=0x00007f6aeb4cb2c0, RDX=0x00007f6aeb07ee80
RSP=0x00007f6ada1a1a80, RBP=0x00007f6ada1a1ae0, RSI=0x00007f6ae4123000, RDI=0x00007f6ae400f6e0
R8 =0x0000000000000010, R9 =0x0101010101010101, R10=0x00000000fffff000, R11=0x00007f6aeb75aea6
R12=0xbabababababababa, R13=0x00007f6ada1a1b27, R14=0x00007f6ae4123000, R15=0x0000000000000002
RIP=0x00007f6aea96019c, EFLAGS=0x0000000000010282, CSGSFS=0x0000000000000033, ERR=0x0000000000000000
  TRAPNO=0x000000000000000d

Top of Stack: (sp=0x00007f6ada1a1a80)
0x00007f6ada1a1a80:   00007f6ada1a1ad0 00007f6aea95bc42
0x00007f6ada1a1a90:   00007f6ae4123000 00007f6a00000000
0x00007f6ada1a1aa0:   00007f6ae4123000 0000000000000000
0x00007f6ada1a1ab0:   00007f6a00000000 0000000000000000
0x00007f6ada1a1ac0:   00007f6ada1a1b27 00007f6ae957cea0
0x00007f6ada1a1ad0:   babababababababa 0000000000000001
0x00007f6ada1a1ae0:   00007f6ada1a1b10 00007f6ae93687d0
0x00007f6ada1a1af0:   00007f6ada1a1b10 0000000000000004
0x00007f6ada1a1b00:   00007f6ada1a1c00 babababababababa
0x00007f6ada1a1b10:   00007f6ada1a1b70 00007f6ae93494e1
0x00007f6ada1a1b20:   0000000000000487 0000000800000005
0x00007f6ada1a1b30:   00007f6aa8006ce0 0000000000000000
0x00007f6ada1a1b40:   0000000000000000 0000000000000000
0x00007f6ada1a1b50:   00000000000f0200 0000000000000002
0x00007f6ada1a1b60:   000000000000000f 00007f6ae957cea0
0x00007f6ada1a1b70:   00007f6ada1a1dc0 00007f6ae93535b8
0x00007f6ada1a1b80:   0000048700000013 00007f6aa80f0200
0x00007f6ada1a1b90:   00007f6aa0000fb0 00007f6aa80008f0
0x00007f6ada1a1ba0:   00007f6ae4119920 00007f6ae4123000
0x00007f6ada1a1bb0:   0000048700000013 00007f6aa80f0200
0x00007f6ada1a1bc0:   00007f6aa0000fb0 00007f6aea9c3340
0x00007f6ada1a1bd0:   00007f6aa0000fb8 000000000000000b
0x00007f6ada1a1be0:   0000048700000013 00007f6aa80f0200
0x00007f6ada1a1bf0:   00007f6aa0000fb0 00007f6aa8006cc0
0x00007f6ada1a1c00:   00007f6aa80076a4 00007f6a00000234
0x00007f6ada1a1c10:   00007f6aa80078e0 00007f6a0000012c
0x00007f6ada1a1c20:   00007f6ada1a1c50 00007f6aa80078e0
0x00007f6ada1a1c30:   00007f0000000000 000004870000001c
0x00007f6ada1a1c40:   00007f6a00004e80 00007f6ada1a1c50
0x00007f6ada1a1c50:   6a7f000005000000 06000000b05900a8
0x00007f6ada1a1c60:   00003e74696e693c 0000005629280300
0x00007f6ada1a1c70:   7f00000100000000 000000085a00a86a 

Instructions: (pc=0x00007f6aea96019c)
0x00007f6aea96017c:   00 48 89 df e8 2b b4 04 00 84 c0 74 5f f6 83 68
0x00007f6aea96018c:   01 00 00 10 b8 63 00 00 00 74 56 4d 85 e4 74 3f
0x00007f6aea96019c:   4d 8b 24 24 48 b8 fe fe fe fe fe fe fe fe 49 39
0x00007f6aea9601ac:   c4 74 2c 4d 85 e4 74 27 48 8b 05 6d a8 6e 00 80 

Register to memory mapping:

RAX=0x0000000000000063 is an unknown value
RBX=0x00007f6ae400f6e0 is an unknown value
RCX=0x00007f6aeb4cb2c0: <offset 0x2172c0> in /lib64/libpthread.so.0 at 0x00007f6aeb2b4000
RDX=0x00007f6aeb07ee80: <offset 0xca4e80> in /usr/lib64/jvm/java-1.7.0-openjdk-1.7.0/jre/lib/amd64/server/libjvm.so at 0x00007f6aea3da000
RSP=0x00007f6ada1a1a80 is pointing into the stack for thread: 0x00007f6ae4123000
RBP=0x00007f6ada1a1ae0 is pointing into the stack for thread: 0x00007f6ae4123000
RSI=0x00007f6ae4123000 is a thread
RDI=0x00007f6ae400f6e0 is an unknown value
R8 =0x0000000000000010 is an unknown value
R9 =0x0101010101010101 is an unknown value
R10=0x00000000fffff000 is an unknown value
R11=0x00007f6aeb75aea6: <offset 0x86ea6> in /lib64/libc.so.6 at 0x00007f6aeb6d4000
R12=0xbabababababababa is an unknown value
R13=0x00007f6ada1a1b27 is pointing into the stack for thread: 0x00007f6ae4123000
R14=0x00007f6ae4123000 is a thread
R15=0x0000000000000002 is an unknown value


Stack: [0x00007f6ada0a2000,0x00007f6ada1a3000],  sp=0x00007f6ada1a1a80,  free space=1022k
Native frames: (J=compiled Java code, j=interpreted, Vv=VM code, C=native code)
V  [libjvm.so+0x58619c]  jvmti_IsMethodSynthetic+0xbc
C  [libjdwp.so+0x267d0]  Agent_OnLoad+0x17b30
C  [libjdwp.so+0x74e1]  getenv+0x74e1
C  [libjdwp.so+0x115b8]  Agent_OnLoad+0x2918
C  [libjdwp.so+0x2327e]  Agent_OnLoad+0x145de
V  [libjvm.so+0x5e497b]  JvmtiAgentThread::call_start_function()+0x9b
V  [libjvm.so+0x814596]  JavaThread::thread_main_inner()+0x1f6
V  [libjvm.so+0x6f88e2]  java_start(Thread*)+0xf2


---------------  P R O C E S S  ---------------

Java Threads: ( => current thread )
  0x00007f6ae4248800 JavaThread "ReaderThread" [_thread_in_native, id=1988, stack(0x00007f6ad8413000,0x00007f6ad8514000)]
  0x00007f6ae412e000 JavaThread "Service Thread" daemon [_thread_blocked, id=1986, stack(0x00007f6ad9b9d000,0x00007f6ad9c9e000)]
  0x00007f6ae412c000 JavaThread "C2 CompilerThread1" daemon [_thread_blocked, id=1985, stack(0x00007f6ad9c9e000,0x00007f6ad9d9f000)]
  0x00007f6ae4129000 JavaThread "C2 CompilerThread0" daemon [_thread_blocked, id=1984, stack(0x00007f6ad9d9f000,0x00007f6ad9ea0000)]
  0x00007f6aa8001000 JavaThread "JDWP Command Reader" daemon [_thread_in_native, id=1980, stack(0x00007f6ad9ea0000,0x00007f6ad9fa1000)]
  0x00007f6ae4126800 JavaThread "JDWP Event Helper Thread" daemon [_thread_blocked, id=1979, stack(0x00007f6ad9fa1000,0x00007f6ada0a2000)]
=>0x00007f6ae4123000 JavaThread "JDWP Transport Listener: dt_socket" daemon [_thread_in_vm, id=1978, stack(0x00007f6ada0a2000,0x00007f6ada1a3000)]
  0x00007f6ae4114000 JavaThread "Signal Dispatcher" daemon [_thread_blocked, id=1976, stack(0x00007f6ada3a8000,0x00007f6ada4a9000)]
  0x00007f6ae40be800 JavaThread "Finalizer" daemon [_thread_blocked, id=1975, stack(0x00007f6ada4a9000,0x00007f6ada5aa000)]
  0x00007f6ae40bc800 JavaThread "Reference Handler" daemon [_thread_blocked, id=1974, stack(0x00007f6ada5aa000,0x00007f6ada6ab000)]
  0x00007f6ae4015800 JavaThread "main" [_thread_blocked, id=1967, stack(0x00007f6aebd58000,0x00007f6aebe59000)]

Other Threads:
  0x00007f6ae40b4000 VMThread [stack: 0x00007f6ada6ab000,0x00007f6ada7ac000] [id=1973]
  0x00007f6ae4139000 WatcherThread [stack: 0x00007f6ad9a9c000,0x00007f6ad9b9d000] [id=1987]

VM state:not at safepoint (normal execution)

VM Mutex/Monitor currently owned by a thread: None

Heap
 PSYoungGen      total 35840K, used 5545K [0x00000007d8000000, 0x00000007da7f0000, 0x0000000800000000)
  eden space 30784K, 18% used [0x00000007d8000000,0x00000007d856a798,0x00000007d9e10000)
  from space 5056K, 0% used [0x00000007da300000,0x00000007da300000,0x00000007da7f0000)
  to   space 5056K, 0% used [0x00000007d9e10000,0x00000007d9e10000,0x00000007da300000)
 ParOldGen       total 81920K, used 0K [0x0000000788000000, 0x000000078d000000, 0x00000007d8000000)
  object space 81920K, 0% used [0x0000000788000000,0x0000000788000000,0x000000078d000000)
 PSPermGen       total 21248K, used 5326K [0x000000077da00000, 0x000000077eec0000, 0x0000000788000000)
  object space 21248K, 25% used [0x000000077da00000,0x000000077df33950,0x000000077eec0000)

Card table byte_map: [0x00007f6ae80f9000,0x00007f6ae850d000] byte_map_base: 0x00007f6ae450c000

Polling page: 0x00007f6aebeae000

Code Cache  [0x00007f6ae1000000, 0x00007f6ae1270000, 0x00007f6ae4000000)
 total_blobs=235 nmethods=14 adapters=182 free_code_cache=48712Kb largest_free_block=49857792

Compilation events (10 events):
Event: 0,462 Thread 0x00007f6ae4129000 nmethod 9 0x00007f6ae1063310 code [0x00007f6ae1063460, 0x00007f6ae10636f8]
Event: 0,463 Thread 0x00007f6ae4129000   10             java.lang.String::replace (127 bytes)
Event: 0,477 Thread 0x00007f6ae4129000 nmethod 10 0x00007f6ae1067790 code [0x00007f6ae1067900, 0x00007f6ae1067e38]
Event: 0,483 Thread 0x00007f6ae412c000 nmethod 8 0x00007f6ae106c650 code [0x00007f6ae106c8c0, 0x00007f6ae106db78]
Event: 0,503 Thread 0x00007f6ae4129000   11             java.lang.Object::<init> (1 bytes)
Event: 0,504 Thread 0x00007f6ae4129000 nmethod 11 0x00007f6ae1067310 code [0x00007f6ae1067440, 0x00007f6ae10674d8]
Event: 0,506 Thread 0x00007f6ae412c000   12             java.lang.String::equals (81 bytes)
Event: 0,511 Thread 0x00007f6ae412c000 nmethod 12 0x00007f6ae1066950 code [0x00007f6ae1066aa0, 0x00007f6ae1066d98]
Event: 66,016 Thread 0x00007f6ae4129000   14             sun.nio.cs.UTF_8$Decoder::decode (640 bytes)
Event: 66,048 Thread 0x00007f6ae4129000 nmethod 14 0x00007f6ae1071010 code [0x00007f6ae1071340, 0x00007f6ae10724f0]

GC Heap History (0 events):
No events

Deoptimization events (0 events):
No events

Internal exceptions (10 events):
Event: 5,816 Thread 0x00007f6ae4015800 Threw 0x00000007d8484d68 at /home/abuild/rpmbuild/BUILD/icedtea-2.3.9/openjdk/hotspot/src/share/vm/prims/jvm.cpp:1166
Event: 5,818 Thread 0x00007f6ae4015800 Threw 0x00000007d8487c20 at /home/abuild/rpmbuild/BUILD/icedtea-2.3.9/openjdk/hotspot/src/share/vm/prims/jvm.cpp:1166
Event: 18,804 Thread 0x00007f6ae4015800 Threw 0x00000007d848a498 at /home/abuild/rpmbuild/BUILD/icedtea-2.3.9/openjdk/hotspot/src/share/vm/prims/jvm.cpp:1166
Event: 33,001 Thread 0x00007f6ae4015800 Threw 0x00000007d848e3d8 at /home/abuild/rpmbuild/BUILD/icedtea-2.3.9/openjdk/hotspot/src/share/vm/prims/jvm.cpp:1166
Event: 46,798 Thread 0x00007f6ae4015800 Threw 0x00000007d8492160 at /home/abuild/rpmbuild/BUILD/icedtea-2.3.9/openjdk/hotspot/src/share/vm/prims/jvm.cpp:1166
Event: 48,996 Thread 0x00007f6ae4015800 Threw 0x00000007d8497378 at /home/abuild/rpmbuild/BUILD/icedtea-2.3.9/openjdk/hotspot/src/share/vm/prims/jvm.cpp:1166
Event: 64,219 Thread 0x00007f6ae4015800 Threw 0x00000007d849b988 at /home/abuild/rpmbuild/BUILD/icedtea-2.3.9/openjdk/hotspot/src/share/vm/prims/jvm.cpp:1166
Event: 65,441 Thread 0x00007f6ae4015800 Threw 0x00000007d849f8b0 at /home/abuild/rpmbuild/BUILD/icedtea-2.3.9/openjdk/hotspot/src/share/vm/prims/jvm.cpp:1166
Event: 65,995 Thread 0x00007f6ae4015800 Threw 0x00000007d84a49b8 at /home/abuild/rpmbuild/BUILD/icedtea-2.3.9/openjdk/hotspot/src/share/vm/prims/jvm.cpp:1166
Event: 71,384 Thread 0x00007f6ae4015800 Threw 0x00000007d84bf880 at /home/abuild/rpmbuild/BUILD/icedtea-2.3.9/openjdk/hotspot/src/share/vm/prims/jvm.cpp:1166

Events (10 events):
Event: 143,210 Executing VM operation: GetOrSetLocal
Event: 143,210 Executing VM operation: GetOrSetLocal done
Event: 143,220 Executing VM operation: GetOrSetLocal
Event: 143,220 Executing VM operation: GetOrSetLocal done
Event: 143,221 Executing VM operation: GetOrSetLocal
Event: 143,221 Executing VM operation: GetOrSetLocal done
Event: 195,236 Executing VM operation: GetOrSetLocal
Event: 195,236 Executing VM operation: GetOrSetLocal done
Event: 387,835 Executing VM operation: RedefineClasses
Event: 387,835 Executing VM operation: RedefineClasses done


Dynamic libraries:
00400000-00401000 r-xp 00000000 08:01 2238660                            /usr/lib64/jvm/java-1.7.0-openjdk-1.7.0/bin/java
00600000-00601000 r--p 00000000 08:01 2238660                            /usr/lib64/jvm/java-1.7.0-openjdk-1.7.0/bin/java
00601000-00602000 rw-p 00001000 08:01 2238660                            /usr/lib64/jvm/java-1.7.0-openjdk-1.7.0/bin/java
010d5000-010f6000 rw-p 00000000 00:00 0                                  [heap]
77da00000-77eec0000 rw-p 00000000 00:00 0 
77eec0000-788000000 rw-p 00000000 00:00 0 
788000000-78d000000 rw-p 00000000 00:00 0 
78d000000-7d8000000 rw-p 00000000 00:00 0 
7d8000000-7da7f0000 rw-p 00000000 00:00 0 
7da7f0000-800000000 rw-p 00000000 00:00 0 
7f6a90000000-7f6a90021000 rw-p 00000000 00:00 0 
7f6a90021000-7f6a94000000 ---p 00000000 00:00 0 
7f6a94000000-7f6a94021000 rw-p 00000000 00:00 0 
7f6a94021000-7f6a98000000 ---p 00000000 00:00 0 
7f6a98000000-7f6a9817f000 rw-p 00000000 00:00 0 
7f6a9817f000-7f6a9c000000 ---p 00000000 00:00 0 
7f6a9c000000-7f6a9c021000 rw-p 00000000 00:00 0 
7f6a9c021000-7f6aa0000000 ---p 00000000 00:00 0 
7f6aa0000000-7f6aa0021000 rw-p 00000000 00:00 0 
7f6aa0021000-7f6aa4000000 ---p 00000000 00:00 0 
7f6aa4000000-7f6aa4217000 rw-p 00000000 00:00 0 
7f6aa4217000-7f6aa8000000 ---p 00000000 00:00 0 
7f6aa8000000-7f6aa8021000 rw-p 00000000 00:00 0 
7f6aa8021000-7f6aac000000 ---p 00000000 00:00 0 
7f6aac000000-7f6aac021000 rw-p 00000000 00:00 0 
7f6aac021000-7f6ab0000000 ---p 00000000 00:00 0 
7f6ab0000000-7f6ab0021000 rw-p 00000000 00:00 0 
7f6ab0021000-7f6ab4000000 ---p 00000000 00:00 0 
7f6ab4000000-7f6ab4021000 rw-p 00000000 00:00 0 
7f6ab4021000-7f6ab8000000 ---p 00000000 00:00 0 
7f6ab8000000-7f6ab8021000 rw-p 00000000 00:00 0 
7f6ab8021000-7f6abc000000 ---p 00000000 00:00 0 
7f6abfed0000-7f6ac4000000 rw-p 00000000 00:00 0 
7f6ac4000000-7f6ac4021000 rw-p 00000000 00:00 0 
7f6ac4021000-7f6ac8000000 ---p 00000000 00:00 0 
7f6ac8000000-7f6ac8021000 rw-p 00000000 00:00 0 
7f6ac8021000-7f6acc000000 ---p 00000000 00:00 0 
7f6acc000000-7f6acc021000 rw-p 00000000 00:00 0 
7f6acc021000-7f6ad0000000 ---p 00000000 00:00 0 
7f6ad3eb9000-7f6ad4000000 rw-p 00000000 00:00 0 
7f6ad4000000-7f6ad4021000 rw-p 00000000 00:00 0 
7f6ad4021000-7f6ad8000000 ---p 00000000 00:00 0 
7f6ad8138000-7f6ad8202000 rw-p 00000000 00:00 0 
7f6ad8202000-7f6ad8212000 r-xp 00000000 08:01 2635939                    /usr/lib64/jvm/java-1.7.0-openjdk-1.7.0/jre/lib/amd64/libnio.so
7f6ad8212000-7f6ad8411000 ---p 00010000 08:01 2635939                    /usr/lib64/jvm/java-1.7.0-openjdk-1.7.0/jre/lib/amd64/libnio.so
7f6ad8411000-7f6ad8412000 r--p 0000f000 08:01 2635939                    /usr/lib64/jvm/java-1.7.0-openjdk-1.7.0/jre/lib/amd64/libnio.so
7f6ad8412000-7f6ad8413000 rw-p 00010000 08:01 2635939                    /usr/lib64/jvm/java-1.7.0-openjdk-1.7.0/jre/lib/amd64/libnio.so
7f6ad8413000-7f6ad8416000 ---p 00000000 00:00 0 
7f6ad8416000-7f6ad8545000 rw-p 00000000 00:00 0                          [stack:1988]
7f6ad8545000-7f6ad85a0000 r-xp 00000000 08:01 1835937                    /usr/lib64/libpcre.so.1.0.1
7f6ad85a0000-7f6ad87a0000 ---p 0005b000 08:01 1835937                    /usr/lib64/libpcre.so.1.0.1
7f6ad87a0000-7f6ad87a1000 r--p 0005b000 08:01 1835937                    /usr/lib64/libpcre.so.1.0.1
7f6ad87a1000-7f6ad87a2000 rw-p 0005c000 08:01 1835937                    /usr/lib64/libpcre.so.1.0.1
7f6ad87a2000-7f6ad87a9000 r-xp 00000000 08:01 1835909                    /usr/lib64/libffi.so.4.0.1
7f6ad87a9000-7f6ad89a8000 ---p 00007000 08:01 1835909                    /usr/lib64/libffi.so.4.0.1
7f6ad89a8000-7f6ad89a9000 r--p 00006000 08:01 1835909                    /usr/lib64/libffi.so.4.0.1
7f6ad89a9000-7f6ad89aa000 rw-p 00007000 08:01 1835909                    /usr/lib64/libffi.so.4.0.1
7f6ad89aa000-7f6ad89bd000 r-xp 00000000 08:01 786798                     /lib64/libresolv-2.17.so
7f6ad89bd000-7f6ad8bbd000 ---p 00013000 08:01 786798                     /lib64/libresolv-2.17.so
7f6ad8bbd000-7f6ad8bbe000 r--p 00013000 08:01 786798                     /lib64/libresolv-2.17.so
7f6ad8bbe000-7f6ad8bbf000 rw-p 00014000 08:01 786798                     /lib64/libresolv-2.17.so
7f6ad8bbf000-7f6ad8bc1000 rw-p 00000000 00:00 0 
7f6ad8bc1000-7f6ad8bdf000 r-xp 00000000 08:01 786551                     /lib64/libselinux.so.1
7f6ad8bdf000-7f6ad8dde000 ---p 0001e000 08:01 786551                     /lib64/libselinux.so.1
7f6ad8dde000-7f6ad8ddf000 r--p 0001d000 08:01 786551                     /lib64/libselinux.so.1
7f6ad8ddf000-7f6ad8de0000 rw-p 0001e000 08:01 786551                     /lib64/libselinux.so.1
7f6ad8de0000-7f6ad8de1000 rw-p 00000000 00:00 0 
7f6ad8de1000-7f6ad8de4000 r-xp 00000000 08:01 1848733                    /usr/lib64/libgmodule-2.0.so.0.3400.3
7f6ad8de4000-7f6ad8fe3000 ---p 00003000 08:01 1848733                    /usr/lib64/libgmodule-2.0.so.0.3400.3
7f6ad8fe3000-7f6ad8fe4000 r--p 00002000 08:01 1848733                    /usr/lib64/libgmodule-2.0.so.0.3400.3
7f6ad8fe4000-7f6ad8fe5000 rw-p 00003000 08:01 1848733                    /usr/lib64/libgmodule-2.0.so.0.3400.3
7f6ad8fe5000-7f6ad90dc000 r-xp 00000000 08:01 1836186                    /usr/lib64/libglib-2.0.so.0.3400.3
7f6ad90dc000-7f6ad92db000 ---p 000f7000 08:01 1836186                    /usr/lib64/libglib-2.0.so.0.3400.3
7f6ad92db000-7f6ad92dc000 r--p 000f6000 08:01 1836186                    /usr/lib64/libglib-2.0.so.0.3400.3
7f6ad92dc000-7f6ad92dd000 rw-p 000f7000 08:01 1836186                    /usr/lib64/libglib-2.0.so.0.3400.3
7f6ad92dd000-7f6ad92de000 rw-p 00000000 00:00 0 
7f6ad92de000-7f6ad932b000 r-xp 00000000 08:01 1848732                    /usr/lib64/libgobject-2.0.so.0.3400.3
7f6ad932b000-7f6ad952b000 ---p 0004d000 08:01 1848732                    /usr/lib64/libgobject-2.0.so.0.3400.3
7f6ad952b000-7f6ad952c000 r--p 0004d000 08:01 1848732                    /usr/lib64/libgobject-2.0.so.0.3400.3
7f6ad952c000-7f6ad952d000 rw-p 0004e000 08:01 1848732                    /usr/lib64/libgobject-2.0.so.0.3400.3
7f6ad952d000-7f6ad967d000 r-xp 00000000 08:01 1836392                    /usr/lib64/libgio-2.0.so.0.3400.3
7f6ad967d000-7f6ad987d000 ---p 00150000 08:01 1836392                    /usr/lib64/libgio-2.0.so.0.3400.3
7f6ad987d000-7f6ad9881000 r--p 00150000 08:01 1836392                    /usr/lib64/libgio-2.0.so.0.3400.3
7f6ad9881000-7f6ad9883000 rw-p 00154000 08:01 1836392                    /usr/lib64/libgio-2.0.so.0.3400.3
7f6ad9883000-7f6ad9885000 rw-p 00000000 00:00 0 
7f6ad9885000-7f6ad989b000 r-xp 00000000 08:01 2635938                    /usr/lib64/jvm/java-1.7.0-openjdk-1.7.0/jre/lib/amd64/libnet.so
7f6ad989b000-7f6ad9a9a000 ---p 00016000 08:01 2635938                    /usr/lib64/jvm/java-1.7.0-openjdk-1.7.0/jre/lib/amd64/libnet.so
7f6ad9a9a000-7f6ad9a9b000 r--p 00015000 08:01 2635938                    /usr/lib64/jvm/java-1.7.0-openjdk-1.7.0/jre/lib/amd64/libnet.so
7f6ad9a9b000-7f6ad9a9c000 rw-p 00016000 08:01 2635938                    /usr/lib64/jvm/java-1.7.0-openjdk-1.7.0/jre/lib/amd64/libnet.so
7f6ad9a9c000-7f6ad9a9d000 ---p 00000000 00:00 0 
7f6ad9a9d000-7f6ad9b9d000 rw-p 00000000 00:00 0                          [stack:1987]
7f6ad9b9d000-7f6ad9ba0000 ---p 00000000 00:00 0 
7f6ad9ba0000-7f6ad9c9e000 rw-p 00000000 00:00 0                          [stack:1986]
7f6ad9c9e000-7f6ad9ca1000 ---p 00000000 00:00 0 
7f6ad9ca1000-7f6ad9d9f000 rw-p 00000000 00:00 0                          [stack:1985]
7f6ad9d9f000-7f6ad9da2000 ---p 00000000 00:00 0 
7f6ad9da2000-7f6ad9ea0000 rw-p 00000000 00:00 0                          [stack:1984]
7f6ad9ea0000-7f6ad9ea3000 ---p 00000000 00:00 0 
7f6ad9ea3000-7f6ad9fa1000 rw-p 00000000 00:00 0                          [stack:1980]
7f6ad9fa1000-7f6ad9fa4000 ---p 00000000 00:00 0 
7f6ad9fa4000-7f6ada0a2000 rw-p 00000000 00:00 0                          [stack:1979]
7f6ada0a2000-7f6ada0a5000 ---p 00000000 00:00 0 
7f6ada0a5000-7f6ada1a3000 rw-p 00000000 00:00 0                          [stack:1978]
7f6ada1a3000-7f6ada1a7000 r-xp 00000000 08:01 2636540                    /usr/lib64/jvm/java-1.7.0-openjdk-1.7.0/jre/lib/amd64/libdt_socket.so
7f6ada1a7000-7f6ada3a6000 ---p 00004000 08:01 2636540                    /usr/lib64/jvm/java-1.7.0-openjdk-1.7.0/jre/lib/amd64/libdt_socket.so
7f6ada3a6000-7f6ada3a7000 r--p 00003000 08:01 2636540                    /usr/lib64/jvm/java-1.7.0-openjdk-1.7.0/jre/lib/amd64/libdt_socket.so
7f6ada3a7000-7f6ada3a8000 rw-p 00004000 08:01 2636540                    /usr/lib64/jvm/java-1.7.0-openjdk-1.7.0/jre/lib/amd64/libdt_socket.so
7f6ada3a8000-7f6ada3ab000 ---p 00000000 00:00 0 
7f6ada3ab000-7f6ada4a9000 rw-p 00000000 00:00 0                          [stack:1976]
7f6ada4a9000-7f6ada4ac000 ---p 00000000 00:00 0 
7f6ada4ac000-7f6ada5aa000 rw-p 00000000 00:00 0                          [stack:1975]
7f6ada5aa000-7f6ada5ad000 ---p 00000000 00:00 0 
7f6ada5ad000-7f6ada6ab000 rw-p 00000000 00:00 0                          [stack:1974]
7f6ada6ab000-7f6ada6ac000 ---p 00000000 00:00 0 
7f6ada6ac000-7f6adc000000 rw-p 00000000 00:00 0                          [stack:1973]
7f6adc000000-7f6adc021000 rw-p 00000000 00:00 0 
7f6adc021000-7f6ae0000000 ---p 00000000 00:00 0 
7f6ae0059000-7f6ae005b000 rw-p 00000000 00:00 0 
7f6ae005b000-7f6ae0061000 r--s 00036000 08:04 39190863                   /home/kLeZ-hAcK/.m2/repository/junit/junit/4.11/junit-4.11.jar
7f6ae0061000-7f6ae0067000 r--s 00048000 08:04 4195884                    /home/kLeZ-hAcK/.m2/repository/org/apache/commons/commons-lang3/3.1/commons-lang3-3.1.jar
7f6ae0067000-7f6ae0076000 r--s 00098000 08:04 4196823                    /home/kLeZ-hAcK/.m2/repository/org/jscience/jscience/4.3.1/jscience-4.3.1.jar
7f6ae0076000-7f6ae0086000 r--s 0007d000 08:04 4063338                    /home/kLeZ-hAcK/.m2/repository/joda-time/joda-time/2.2/joda-time-2.2.jar
7f6ae0086000-7f6ae00a7000 r--s 00172000 08:04 38930603                   /home/kLeZ-hAcK/.m2/repository/com/google/guava/guava/11.0.2/guava-11.0.2.jar
7f6ae00a7000-7f6ae07cf000 rw-p 00000000 00:00 0 
7f6ae07cf000-7f6ae097c000 r--s 01cde000 08:01 2635985                    /usr/lib64/jvm/java-1.7.0-openjdk-1.7.0/jre/lib/rt.jar
7f6ae097c000-7f6ae097d000 ---p 00000000 00:00 0 
7f6ae097d000-7f6ae0a7d000 rw-p 00000000 00:00 0                          [stack:1972]
7f6ae0a7d000-7f6ae0a7e000 ---p 00000000 00:00 0 
7f6ae0a7e000-7f6ae0b7e000 rw-p 00000000 00:00 0                          [stack:1971]
7f6ae0b7e000-7f6ae0b7f000 ---p 00000000 00:00 0 
7f6ae0b7f000-7f6ae0c7f000 rw-p 00000000 00:00 0                          [stack:1970]
7f6ae0c7f000-7f6ae0c80000 ---p 00000000 00:00 0 
7f6ae0c80000-7f6ae0da8000 rw-p 00000000 00:00 0                          [stack:1969]
7f6ae0da8000-7f6ae1000000 rw-p 00000000 00:00 0 
7f6ae1000000-7f6ae1270000 rwxp 00000000 00:00 0 
7f6ae1270000-7f6ae42fe000 rw-p 00000000 00:00 0 
7f6ae42fe000-7f6ae8000000 ---p 00000000 00:00 0 
7f6ae8000000-7f6ae8002000 r--s 00009000 08:04 39190864                   /home/kLeZ-hAcK/.m2/repository/org/hamcrest/hamcrest-core/1.3/hamcrest-core-1.3.jar
7f6ae8002000-7f6ae8009000 r--s 00041000 08:04 4196824                    /home/kLeZ-hAcK/.m2/repository/org/javolution/javolution/5.2.3/javolution-5.2.3.jar
7f6ae8009000-7f6ae8104000 rw-p 00000000 00:00 0 
7f6ae8104000-7f6ae814c000 rw-p 00000000 00:00 0 
7f6ae814c000-7f6ae8174000 rw-p 00000000 00:00 0 
7f6ae8174000-7f6ae83cc000 rw-p 00000000 00:00 0 
7f6ae83cc000-7f6ae83e0000 rw-p 00000000 00:00 0 
7f6ae83e0000-7f6ae850c000 rw-p 00000000 00:00 0 
7f6ae850c000-7f6ae8517000 rw-p 00000000 00:00 0 
7f6ae8517000-7f6ae85cd000 rw-p 00000000 00:00 0 
7f6ae85cd000-7f6ae85d5000 r-xp 00000000 08:01 2635949                    /usr/lib64/jvm/java-1.7.0-openjdk-1.7.0/jre/lib/amd64/libzip.so
7f6ae85d5000-7f6ae87d4000 ---p 00008000 08:01 2635949                    /usr/lib64/jvm/java-1.7.0-openjdk-1.7.0/jre/lib/amd64/libzip.so
7f6ae87d4000-7f6ae87d5000 r--p 00007000 08:01 2635949                    /usr/lib64/jvm/java-1.7.0-openjdk-1.7.0/jre/lib/amd64/libzip.so
7f6ae87d5000-7f6ae87d6000 rw-p 00008000 08:01 2635949                    /usr/lib64/jvm/java-1.7.0-openjdk-1.7.0/jre/lib/amd64/libzip.so
7f6ae87d6000-7f6ae87e2000 r-xp 00000000 08:01 786792                     /lib64/libnss_files-2.17.so
7f6ae87e2000-7f6ae89e1000 ---p 0000c000 08:01 786792                     /lib64/libnss_files-2.17.so
7f6ae89e1000-7f6ae89e2000 r--p 0000b000 08:01 786792                     /lib64/libnss_files-2.17.so
7f6ae89e2000-7f6ae89e3000 rw-p 0000c000 08:01 786792                     /lib64/libnss_files-2.17.so
7f6ae89e3000-7f6ae89ed000 r-xp 00000000 08:01 786504                     /lib64/libnss_nis-2.17.so
7f6ae89ed000-7f6ae8bec000 ---p 0000a000 08:01 786504                     /lib64/libnss_nis-2.17.so
7f6ae8bec000-7f6ae8bed000 r--p 00009000 08:01 786504                     /lib64/libnss_nis-2.17.so
7f6ae8bed000-7f6ae8bee000 rw-p 0000a000 08:01 786504                     /lib64/libnss_nis-2.17.so
7f6ae8bee000-7f6ae8c03000 r-xp 00000000 08:01 786663                     /lib64/libnsl-2.17.so
7f6ae8c03000-7f6ae8e02000 ---p 00015000 08:01 786663                     /lib64/libnsl-2.17.so
7f6ae8e02000-7f6ae8e03000 r--p 00014000 08:01 786663                     /lib64/libnsl-2.17.so
7f6ae8e03000-7f6ae8e04000 rw-p 00015000 08:01 786663                     /lib64/libnsl-2.17.so
7f6ae8e04000-7f6ae8e06000 rw-p 00000000 00:00 0 
7f6ae8e06000-7f6ae8e0d000 r-xp 00000000 08:01 786670                     /lib64/libnss_compat-2.17.so
7f6ae8e0d000-7f6ae900c000 ---p 00007000 08:01 786670                     /lib64/libnss_compat-2.17.so
7f6ae900c000-7f6ae900d000 r--p 00006000 08:01 786670                     /lib64/libnss_compat-2.17.so
7f6ae900d000-7f6ae900e000 rw-p 00007000 08:01 786670                     /lib64/libnss_compat-2.17.so
7f6ae900e000-7f6ae913e000 r--p 00000000 08:01 1967239                    /usr/lib/locale/it_IT.utf8/LC_COLLATE
7f6ae913e000-7f6ae9141000 r-xp 00000000 08:01 2635940                    /usr/lib64/jvm/java-1.7.0-openjdk-1.7.0/jre/lib/amd64/libnpt.so
7f6ae9141000-7f6ae9340000 ---p 00003000 08:01 2635940                    /usr/lib64/jvm/java-1.7.0-openjdk-1.7.0/jre/lib/amd64/libnpt.so
7f6ae9340000-7f6ae9341000 r--p 00002000 08:01 2635940                    /usr/lib64/jvm/java-1.7.0-openjdk-1.7.0/jre/lib/amd64/libnpt.so
7f6ae9341000-7f6ae9342000 rw-p 00003000 08:01 2635940                    /usr/lib64/jvm/java-1.7.0-openjdk-1.7.0/jre/lib/amd64/libnpt.so
7f6ae9342000-7f6ae937c000 r-xp 00000000 08:01 2639154                    /usr/lib64/jvm/java-1.7.0-openjdk-1.7.0/jre/lib/amd64/libjdwp.so
7f6ae937c000-7f6ae957b000 ---p 0003a000 08:01 2639154                    /usr/lib64/jvm/java-1.7.0-openjdk-1.7.0/jre/lib/amd64/libjdwp.so
7f6ae957b000-7f6ae957c000 r--p 00039000 08:01 2639154                    /usr/lib64/jvm/java-1.7.0-openjdk-1.7.0/jre/lib/amd64/libjdwp.so
7f6ae957c000-7f6ae957d000 rw-p 0003a000 08:01 2639154                    /usr/lib64/jvm/java-1.7.0-openjdk-1.7.0/jre/lib/amd64/libjdwp.so
7f6ae957d000-7f6ae95a7000 r-xp 00000000 08:01 2635926                    /usr/lib64/jvm/java-1.7.0-openjdk-1.7.0/jre/lib/amd64/libjava.so
7f6ae95a7000-7f6ae97a6000 ---p 0002a000 08:01 2635926                    /usr/lib64/jvm/java-1.7.0-openjdk-1.7.0/jre/lib/amd64/libjava.so
7f6ae97a6000-7f6ae97a7000 r--p 00029000 08:01 2635926                    /usr/lib64/jvm/java-1.7.0-openjdk-1.7.0/jre/lib/amd64/libjava.so
7f6ae97a7000-7f6ae97a9000 rw-p 0002a000 08:01 2635926                    /usr/lib64/jvm/java-1.7.0-openjdk-1.7.0/jre/lib/amd64/libjava.so
7f6ae97a9000-7f6ae97b6000 r-xp 00000000 08:01 2635948                    /usr/lib64/jvm/java-1.7.0-openjdk-1.7.0/jre/lib/amd64/libverify.so
7f6ae97b6000-7f6ae99b5000 ---p 0000d000 08:01 2635948                    /usr/lib64/jvm/java-1.7.0-openjdk-1.7.0/jre/lib/amd64/libverify.so
7f6ae99b5000-7f6ae99b7000 r--p 0000c000 08:01 2635948                    /usr/lib64/jvm/java-1.7.0-openjdk-1.7.0/jre/lib/amd64/libverify.so
7f6ae99b7000-7f6ae99b8000 rw-p 0000e000 08:01 2635948                    /usr/lib64/jvm/java-1.7.0-openjdk-1.7.0/jre/lib/amd64/libverify.so
7f6ae99b8000-7f6ae99bf000 r-xp 00000000 08:01 786800                     /lib64/librt-2.17.so
7f6ae99bf000-7f6ae9bbe000 ---p 00007000 08:01 786800                     /lib64/librt-2.17.so
7f6ae9bbe000-7f6ae9bbf000 r--p 00006000 08:01 786800                     /lib64/librt-2.17.so
7f6ae9bbf000-7f6ae9bc0000 rw-p 00007000 08:01 786800                     /lib64/librt-2.17.so
7f6ae9bc0000-7f6ae9bd5000 r-xp 00000000 08:01 794597                     /lib64/libgcc_s.so.1
7f6ae9bd5000-7f6ae9dd4000 ---p 00015000 08:01 794597                     /lib64/libgcc_s.so.1
7f6ae9dd4000-7f6ae9dd5000 r--p 00014000 08:01 794597                     /lib64/libgcc_s.so.1
7f6ae9dd5000-7f6ae9dd6000 rw-p 00015000 08:01 794597                     /lib64/libgcc_s.so.1
7f6ae9dd6000-7f6ae9ed3000 r-xp 00000000 08:01 786660                     /lib64/libm-2.17.so
7f6ae9ed3000-7f6aea0d2000 ---p 000fd000 08:01 786660                     /lib64/libm-2.17.so
7f6aea0d2000-7f6aea0d3000 r--p 000fc000 08:01 786660                     /lib64/libm-2.17.so
7f6aea0d3000-7f6aea0d4000 rw-p 000fd000 08:01 786660                     /lib64/libm-2.17.so
7f6aea0d4000-7f6aea1bc000 r-xp 00000000 08:01 1835931                    /usr/lib64/libstdc++.so.6.0.17
7f6aea1bc000-7f6aea3bb000 ---p 000e8000 08:01 1835931                    /usr/lib64/libstdc++.so.6.0.17
7f6aea3bb000-7f6aea3c3000 r--p 000e7000 08:01 1835931                    /usr/lib64/libstdc++.so.6.0.17
7f6aea3c3000-7f6aea3c5000 rw-p 000ef000 08:01 1835931                    /usr/lib64/libstdc++.so.6.0.17
7f6aea3c5000-7f6aea3da000 rw-p 00000000 00:00 0 
7f6aea3da000-7f6aeadd2000 r-xp 00000000 08:01 2635953                    /usr/lib64/jvm/java-1.7.0-openjdk-1.7.0/jre/lib/amd64/server/libjvm.so
7f6aeadd2000-7f6aeafd1000 ---p 009f8000 08:01 2635953                    /usr/lib64/jvm/java-1.7.0-openjdk-1.7.0/jre/lib/amd64/server/libjvm.so
7f6aeafd1000-7f6aeb050000 r--p 009f7000 08:01 2635953                    /usr/lib64/jvm/java-1.7.0-openjdk-1.7.0/jre/lib/amd64/server/libjvm.so
7f6aeb050000-7f6aeb073000 rw-p 00a76000 08:01 2635953                    /usr/lib64/jvm/java-1.7.0-openjdk-1.7.0/jre/lib/amd64/server/libjvm.so
7f6aeb073000-7f6aeb09e000 rw-p 00000000 00:00 0 
7f6aeb09e000-7f6aeb0b3000 r-xp 00000000 08:01 786500                     /lib64/libz.so.1.2.8
7f6aeb0b3000-7f6aeb2b2000 ---p 00015000 08:01 786500                     /lib64/libz.so.1.2.8
7f6aeb2b2000-7f6aeb2b3000 r--p 00014000 08:01 786500                     /lib64/libz.so.1.2.8
7f6aeb2b3000-7f6aeb2b4000 rw-p 00015000 08:01 786500                     /lib64/libz.so.1.2.8
7f6aeb2b4000-7f6aeb2cb000 r-xp 00000000 08:01 786503                     /lib64/libpthread-2.17.so
7f6aeb2cb000-7f6aeb4ca000 ---p 00017000 08:01 786503                     /lib64/libpthread-2.17.so
7f6aeb4ca000-7f6aeb4cb000 r--p 00016000 08:01 786503                     /lib64/libpthread-2.17.so
7f6aeb4cb000-7f6aeb4cc000 rw-p 00017000 08:01 786503                     /lib64/libpthread-2.17.so
7f6aeb4cc000-7f6aeb4d0000 rw-p 00000000 00:00 0 
7f6aeb4d0000-7f6aeb4d3000 r-xp 00000000 08:01 786650                     /lib64/libdl-2.17.so
7f6aeb4d3000-7f6aeb6d2000 ---p 00003000 08:01 786650                     /lib64/libdl-2.17.so
7f6aeb6d2000-7f6aeb6d3000 r--p 00002000 08:01 786650                     /lib64/libdl-2.17.so
7f6aeb6d3000-7f6aeb6d4000 rw-p 00003000 08:01 786650                     /lib64/libdl-2.17.so
7f6aeb6d4000-7f6aeb877000 r-xp 00000000 08:01 786639                     /lib64/libc-2.17.so
7f6aeb877000-7f6aeba77000 ---p 001a3000 08:01 786639                     /lib64/libc-2.17.so
7f6aeba77000-7f6aeba7b000 r--p 001a3000 08:01 786639                     /lib64/libc-2.17.so
7f6aeba7b000-7f6aeba7d000 rw-p 001a7000 08:01 786639                     /lib64/libc-2.17.so
7f6aeba7d000-7f6aeba81000 rw-p 00000000 00:00 0 
7f6aeba81000-7f6aeba8d000 r-xp 00000000 08:01 2636070                    /usr/lib64/jvm/java-1.7.0-openjdk-1.7.0/jre/lib/amd64/jli/libjli.so
7f6aeba8d000-7f6aebc8d000 ---p 0000c000 08:01 2636070                    /usr/lib64/jvm/java-1.7.0-openjdk-1.7.0/jre/lib/amd64/jli/libjli.so
7f6aebc8d000-7f6aebc8e000 r--p 0000c000 08:01 2636070                    /usr/lib64/jvm/java-1.7.0-openjdk-1.7.0/jre/lib/amd64/jli/libjli.so
7f6aebc8e000-7f6aebc8f000 rw-p 0000d000 08:01 2636070                    /usr/lib64/jvm/java-1.7.0-openjdk-1.7.0/jre/lib/amd64/jli/libjli.so
7f6aebc8f000-7f6aebcb0000 r-xp 00000000 08:01 794568                     /lib64/ld-2.17.so
7f6aebcb0000-7f6aebcb5000 r--s 00016000 08:04 38930605                   /home/kLeZ-hAcK/.m2/repository/xml-apis/xml-apis/1.0.b2/xml-apis-1.0.b2.jar
7f6aebcb5000-7f6aebcba000 r--s 00048000 08:04 38930601                   /home/kLeZ-hAcK/.m2/repository/dom4j/dom4j/1.6.1/dom4j-1.6.1.jar
7f6aebcba000-7f6aebcc3000 r--s 00098000 08:04 38930602                   /home/kLeZ-hAcK/.m2/repository/org/javassist/javassist/3.16.1-GA/javassist-3.16.1-GA.jar
7f6aebcc3000-7f6aebcc6000 r--s 00006000 08:04 38930600                   /home/kLeZ-hAcK/.m2/repository/com/google/code/findbugs/jsr305/1.3.9/jsr305-1.3.9.jar
7f6aebcc6000-7f6aebcd1000 rw-p 00000000 00:00 0 
7f6aebcd1000-7f6aebd19000 rw-p 00000000 00:00 0 
7f6aebd19000-7f6aebd58000 r--p 00000000 08:01 1983603                    /usr/lib/locale/it_IT.utf8/LC_CTYPE
7f6aebd58000-7f6aebd5b000 ---p 00000000 00:00 0 
7f6aebd5b000-7f6aebe5e000 rw-p 00000000 00:00 0                          [stack:1967]
7f6aebe5e000-7f6aebe61000 r--s 0001b000 08:04 38930599                   /home/kLeZ-hAcK/.m2/repository/org/reflections/reflections/0.9.9-RC1/reflections-0.9.9-RC1.jar
7f6aebe61000-7f6aebe64000 r--s 0000f000 08:01 2757115                    /usr/lib64/jvm/java-1.7.0-openjdk-1.7.0/jre/lib/ext/pulse-java.jar
7f6aebe64000-7f6aebe6c000 r--s 00067000 08:01 2757110                    /usr/lib64/jvm/java-1.7.0-openjdk-1.7.0/jre/lib/ext/gnome-java-bridge.jar
7f6aebe6c000-7f6aebe94000 rw-p 00000000 00:00 0 
7f6aebe94000-7f6aebe9c000 rw-s 00000000 08:01 4076469                    /tmp/hsperfdata_kLeZ-hAcK/1961
7f6aebe9c000-7f6aebe9d000 r--p 00000000 08:01 1974148                    /usr/lib/locale/it_IT.utf8/LC_NUMERIC
7f6aebe9d000-7f6aebe9e000 r--p 00000000 08:01 1857954                    /usr/lib/locale/it_IT.utf8/LC_TIME
7f6aebe9e000-7f6aebe9f000 r--p 00000000 08:01 1973438                    /usr/lib/locale/it_IT.utf8/LC_MONETARY
7f6aebe9f000-7f6aebea0000 r--p 00000000 08:01 1843689                    /usr/lib/locale/it_IT.utf8/LC_MESSAGES/SYS_LC_MESSAGES
7f6aebea0000-7f6aebea1000 r--p 00000000 08:01 1980159                    /usr/lib/locale/it_IT.utf8/LC_PAPER
7f6aebea1000-7f6aebea2000 r--p 00000000 08:01 1857991                    /usr/lib/locale/it_IT.utf8/LC_NAME
7f6aebea2000-7f6aebea3000 r--p 00000000 08:01 1973416                    /usr/lib/locale/it_IT.utf8/LC_ADDRESS
7f6aebea3000-7f6aebea4000 r--p 00000000 08:01 1979990                    /usr/lib/locale/it_IT.utf8/LC_TELEPHONE
7f6aebea4000-7f6aebea5000 r--p 00000000 08:01 1983604                    /usr/lib/locale/it_IT.utf8/LC_MEASUREMENT
7f6aebea5000-7f6aebeac000 r--s 00000000 08:01 2104137                    /usr/lib64/gconv/gconv-modules.cache
7f6aebeac000-7f6aebead000 r--p 00000000 08:01 1837547                    /usr/lib/locale/it_IT.utf8/LC_IDENTIFICATION
7f6aebead000-7f6aebeae000 rw-p 00000000 00:00 0 
7f6aebeae000-7f6aebeaf000 r--p 00000000 00:00 0 
7f6aebeaf000-7f6aebeb0000 rw-p 00000000 00:00 0 
7f6aebeb0000-7f6aebeb1000 r--p 00021000 08:01 794568                     /lib64/ld-2.17.so
7f6aebeb1000-7f6aebeb2000 rw-p 00022000 08:01 794568                     /lib64/ld-2.17.so
7f6aebeb2000-7f6aebeb3000 rw-p 00000000 00:00 0 
7fff09852000-7fff0987a000 rw-p 00000000 00:00 0                          [stack]
7fff098ec000-7fff098ee000 r-xp 00000000 00:00 0                          [vdso]
ffffffffff600000-ffffffffff601000 r-xp 00000000 00:00 0                  [vsyscall]

VM Arguments:
jvm_args: -agentlib:jdwp=transport=dt_socket,suspend=y,address=localhost:55075 -Dfile.encoding=UTF-8 
java_command: org.eclipse.jdt.internal.junit.runner.RemoteTestRunner -version 3 -port 49756 -testLoaderClass org.eclipse.jdt.internal.junit4.runner.JUnit4TestLoader -loaderpluginname org.eclipse.jdt.junit4.runtime -test it.d4nguard.rgrpg.util.dynacast.DynaManipulatorTest:testSetValue
Launcher Type: SUN_STANDARD

Environment Variables:
JAVA_HOME=/usr/lib64/jvm/java
JRE_HOME=/usr/lib64/jvm/java/jre
PATH=/usr/lib64/mpi/gcc/openmpi/bin:/home/kLeZ-hAcK/bin:/usr/local/bin:/usr/local/sbin:/usr/bin:/usr/sbin:/bin:/sbin:/usr/bin/X11:/usr/X11R6/bin:/usr/games:/opt/kde3/bin:/usr/sbin:/sbin:/usr/sbin
LD_LIBRARY_PATH=/usr/lib64/mpi/gcc/openmpi/lib64
SHELL=/bin/bash
DISPLAY=:0
HOSTTYPE=x86_64
OSTYPE=linux
MACHTYPE=x86_64-suse-linux

Signal Handlers:
SIGSEGV: [libjvm.so+0x853c90], sa_mask[0]=0x7ffbfeff, sa_flags=0x10000004
SIGBUS: [libjvm.so+0x853c90], sa_mask[0]=0x7ffbfeff, sa_flags=0x10000004
SIGFPE: [libjvm.so+0x6f70e0], sa_mask[0]=0x7ffbfeff, sa_flags=0x10000004
SIGPIPE: [libjvm.so+0x6f70e0], sa_mask[0]=0x7ffbfeff, sa_flags=0x10000004
SIGXFSZ: [libjvm.so+0x6f70e0], sa_mask[0]=0x7ffbfeff, sa_flags=0x10000004
SIGILL: [libjvm.so+0x6f70e0], sa_mask[0]=0x7ffbfeff, sa_flags=0x10000004
SIGUSR1: SIG_DFL, sa_mask[0]=0x00000000, sa_flags=0x00000000
SIGUSR2: [libjvm.so+0x6f74a0], sa_mask[0]=0x00000004, sa_flags=0x10000004
SIGHUP: [libjvm.so+0x6f75e0], sa_mask[0]=0x7ffbfeff, sa_flags=0x10000004
SIGINT: [libjvm.so+0x6f75e0], sa_mask[0]=0x7ffbfeff, sa_flags=0x10000004
SIGTERM: [libjvm.so+0x6f75e0], sa_mask[0]=0x7ffbfeff, sa_flags=0x10000004
SIGQUIT: [libjvm.so+0x6f75e0], sa_mask[0]=0x7ffbfeff, sa_flags=0x10000004


---------------  S Y S T E M  ---------------

OS:openSUSE 12.3 (x86_64)
VERSION = 12.3
CODENAME = Dartmouth

uname:Linux 3.9.4-1.g51bf0ff-desktop #1 SMP PREEMPT Fri May 24 19:52:42 UTC 2013 (51bf0ff) x86_64
libc:glibc 2.17 NPTL 2.17 
rlimit: STACK 8192k, CORE 0k, NPROC 61101, NOFILE 4096, AS infinity
load average:0,13 0,25 0,29

/proc/meminfo:
MemTotal:        7856836 kB
MemFree:         6029020 kB
Buffers:          113448 kB
Cached:           578924 kB
SwapCached:            0 kB
Active:          1101644 kB
Inactive:         566128 kB
Active(anon):     976608 kB
Inactive(anon):    42764 kB
Active(file):     125036 kB
Inactive(file):   523364 kB
Unevictable:           4 kB
Mlocked:               4 kB
SwapTotal:       2097148 kB
SwapFree:        2097148 kB
Dirty:                44 kB
Writeback:             0 kB
AnonPages:        975884 kB
Mapped:           109188 kB
Shmem:             43480 kB
Slab:              71224 kB
SReclaimable:      44816 kB
SUnreclaim:        26408 kB
KernelStack:        2384 kB
PageTables:        13644 kB
NFS_Unstable:          0 kB
Bounce:                0 kB
WritebackTmp:          0 kB
CommitLimit:     6025564 kB
Committed_AS:    1859460 kB
VmallocTotal:   34359738367 kB
VmallocUsed:      604760 kB
VmallocChunk:   34359127547 kB
HardwareCorrupted:     0 kB
AnonHugePages:    757760 kB
HugePages_Total:       0
HugePages_Free:        0
HugePages_Rsvd:        0
HugePages_Surp:        0
Hugepagesize:       2048 kB
DirectMap4k:      158824 kB
DirectMap2M:     7892992 kB


CPU:total 4 (2 cores per cpu, 2 threads per core) family 6 model 37 stepping 5, cmov, cx8, fxsr, mmx, sse, sse2, sse3, ssse3, sse4.1, sse4.2, popcnt, ht, tsc, tscinvbit

/proc/cpuinfo:
processor	: 0
vendor_id	: GenuineIntel
cpu family	: 6
model		: 37
model name	: Intel(R) Core(TM) i5 CPU       M 480  @ 2.67GHz
stepping	: 5
microcode	: 0x3
cpu MHz		: 1199.000
cache size	: 3072 KB
physical id	: 0
siblings	: 4
core id		: 0
cpu cores	: 2
apicid		: 0
initial apicid	: 0
fpu		: yes
fpu_exception	: yes
cpuid level	: 11
wp		: yes
flags		: fpu vme de pse tsc msr pae mce cx8 apic sep mtrr pge mca cmov pat pse36 clflush dts acpi mmx fxsr sse sse2 ss ht tm pbe syscall nx rdtscp lm constant_tsc arch_perfmon pebs bts rep_good nopl xtopology nonstop_tsc aperfmperf pni dtes64 monitor ds_cpl vmx est tm2 ssse3 cx16 xtpr pdcm pcid sse4_1 sse4_2 popcnt lahf_lm ida arat dtherm tpr_shadow vnmi flexpriority ept vpid
bogomips	: 5319.54
clflush size	: 64
cache_alignment	: 64
address sizes	: 36 bits physical, 48 bits virtual
power management:

processor	: 1
vendor_id	: GenuineIntel
cpu family	: 6
model		: 37
model name	: Intel(R) Core(TM) i5 CPU       M 480  @ 2.67GHz
stepping	: 5
microcode	: 0x3
cpu MHz		: 2667.000
cache size	: 3072 KB
physical id	: 0
siblings	: 4
core id		: 0
cpu cores	: 2
apicid		: 1
initial apicid	: 1
fpu		: yes
fpu_exception	: yes
cpuid level	: 11
wp		: yes
flags		: fpu vme de pse tsc msr pae mce cx8 apic sep mtrr pge mca cmov pat pse36 clflush dts acpi mmx fxsr sse sse2 ss ht tm pbe syscall nx rdtscp lm constant_tsc arch_perfmon pebs bts rep_good nopl xtopology nonstop_tsc aperfmperf pni dtes64 monitor ds_cpl vmx est tm2 ssse3 cx16 xtpr pdcm pcid sse4_1 sse4_2 popcnt lahf_lm ida arat dtherm tpr_shadow vnmi flexpriority ept vpid
bogomips	: 5319.54
clflush size	: 64
cache_alignment	: 64
address sizes	: 36 bits physical, 48 bits virtual
power management:

processor	: 2
vendor_id	: GenuineIntel
cpu family	: 6
model		: 37
model name	: Intel(R) Core(TM) i5 CPU       M 480  @ 2.67GHz
stepping	: 5
microcode	: 0x3
cpu MHz		: 1199.000
cache size	: 3072 KB
physical id	: 0
siblings	: 4
core id		: 2
cpu cores	: 2
apicid		: 4
initial apicid	: 4
fpu		: yes
fpu_exception	: yes
cpuid level	: 11
wp		: yes
flags		: fpu vme de pse tsc msr pae mce cx8 apic sep mtrr pge mca cmov pat pse36 clflush dts acpi mmx fxsr sse sse2 ss ht tm pbe syscall nx rdtscp lm constant_tsc arch_perfmon pebs bts rep_good nopl xtopology nonstop_tsc aperfmperf pni dtes64 monitor ds_cpl vmx est tm2 ssse3 cx16 xtpr pdcm pcid sse4_1 sse4_2 popcnt lahf_lm ida arat dtherm tpr_shadow vnmi flexpriority ept vpid
bogomips	: 5319.54
clflush size	: 64
cache_alignment	: 64
address sizes	: 36 bits physical, 48 bits virtual
power management:

processor	: 3
vendor_id	: GenuineIntel
cpu family	: 6
model		: 37
model name	: Intel(R) Core(TM) i5 CPU       M 480  @ 2.67GHz
stepping	: 5
microcode	: 0x3
cpu MHz		: 1199.000
cache size	: 3072 KB
physical id	: 0
siblings	: 4
core id		: 2
cpu cores	: 2
apicid		: 5
initial apicid	: 5
fpu		: yes
fpu_exception	: yes
cpuid level	: 11
wp		: yes
flags		: fpu vme de pse tsc msr pae mce cx8 apic sep mtrr pge mca cmov pat pse36 clflush dts acpi mmx fxsr sse sse2 ss ht tm pbe syscall nx rdtscp lm constant_tsc arch_perfmon pebs bts rep_good nopl xtopology nonstop_tsc aperfmperf pni dtes64 monitor ds_cpl vmx est tm2 ssse3 cx16 xtpr pdcm pcid sse4_1 sse4_2 popcnt lahf_lm ida arat dtherm tpr_shadow vnmi flexpriority ept vpid
bogomips	: 5319.54
clflush size	: 64
cache_alignment	: 64
address sizes	: 36 bits physical, 48 bits virtual
power management:



Memory: 4k page, physical 7856836k(6029020k free), swap 2097148k(2097148k free)

vm_info: OpenJDK 64-Bit Server VM (23.7-b01) for linux-amd64 JRE (1.7.0_21-b02), built on Jun  5 2013 08:44:47 by "abuild" with gcc 4.7.2 20130108 [gcc-4_7-branch revision 195012]

time: Tue Jun 11 20:14:50 2013
elapsed time: 387 seconds

